<?xml version="1.0" encoding="UTF-8"?>
<testsuite name="edu.duke.ece651.team6.server.TerritoryTest" tests="1" skipped="0" failures="0" errors="0" timestamp="2023-03-05T00:43:07" hostname="vcm-30760.vm.duke.edu" time="0.001">
  <properties/>
  <testcase name="testBasicFunc()" classname="edu.duke.ece651.team6.server.TerritoryTest" time="0.001"/>
  <system-out><![CDATA[]]></system-out>
  <system-err><![CDATA[]]></system-err>
</testsuite>
