<?xml version="1.0" encoding="UTF-8"?>
<testsuite name="edu.duke.ece651.team6.client.AppTest" tests="1" skipped="0" failures="0" errors="0" timestamp="2023-03-03T23:41:02" hostname="wumians-MacBook-Air.local" time="0.09">
  <properties/>
  <testcase name="test_GetMessage()" classname="edu.duke.ece651.team6.client.AppTest" time="0.09"/>
  <system-out><![CDATA[]]></system-out>
  <system-err><![CDATA[]]></system-err>
</testsuite>
