<?xml version="1.0" encoding="UTF-8"?>
<testsuite name="edu.duke.ece651.team6.shared.MyNameTest" tests="1" skipped="0" failures="0" errors="0" timestamp="2023-03-03T21:55:16" hostname="wumians-MacBook-Air.local" time="0.105">
  <properties/>
  <testcase name="test_getName()" classname="edu.duke.ece651.team6.shared.MyNameTest" time="0.105"/>
  <system-out><![CDATA[]]></system-out>
  <system-err><![CDATA[]]></system-err>
</testsuite>
